Log file open, 02/08/20 23:12:47
LogWindows: Failed to load 'aqProf.dll' (GetLastError=126)
LogWindows: File 'aqProf.dll' does not exist
LogWindows: Failed to load 'VtuneApi.dll' (GetLastError=126)
LogWindows: File 'VtuneApi.dll' does not exist
LogWindows: Failed to load 'VtuneApi32e.dll' (GetLastError=126)
LogWindows: File 'VtuneApi32e.dll' does not exist
LogConsoleResponse: Display: Failed to find resolution value strings in scalability ini. Falling back to default.
LogPakFile: Display: Found Pak file ../../../BattleTank/Content/Paks/BattleTank-WindowsNoEditor.pak attempting to mount.
LogPakFile: Display: Mounting pak file ../../../BattleTank/Content/Paks/BattleTank-WindowsNoEditor.pak.
LogPlatformFile: Not using cached read wrapper
LogTaskGraph: Started task graph with 5 named threads and 23 total threads with 3 sets of task threads.
LogStats: Stats thread started at 0.039087
LogD3D11RHI: Loaded GFSDK_Aftermath_Lib.x64.dll
LogICUInternationalization: ICU TimeZone Detection - Raw Offset: -5:00, Platform Override: ''
LogPluginManager: Mounting plugin Paper2D
LogPluginManager: Mounting plugin AISupport
LogPluginManager: Mounting plugin LightPropagationVolume
LogPluginManager: Mounting plugin AnimationSharing
LogPluginManager: Mounting plugin SignificanceManager
LogPluginManager: Mounting plugin AssetManagerEditor
LogPluginManager: Mounting plugin CryptoKeys
LogPluginManager: Mounting plugin CurveEditorTools
LogPluginManager: Mounting plugin FacialAnimation
LogPluginManager: Mounting plugin DatasmithContent
LogPluginManager: Mounting plugin VariantManagerContent
LogPluginManager: Mounting plugin AlembicImporter
LogPluginManager: Mounting plugin GeometryCache
LogPluginManager: Mounting plugin AutomationUtils
LogPluginManager: Mounting plugin ScreenshotTools
LogPluginManager: Mounting plugin BackChannel
LogPluginManager: Mounting plugin CharacterAI
LogPluginManager: Mounting plugin HTML5Networking
LogPluginManager: Mounting plugin PlatformCrypto
LogPluginManager: Mounting plugin AvfMedia
LogPluginManager: Mounting plugin ImgMedia
LogPluginManager: Mounting plugin MediaCompositing
LogPluginManager: Mounting plugin WmfMedia
LogPluginManager: Mounting plugin TcpMessaging
LogPluginManager: Mounting plugin UdpMessaging
LogPluginManager: Mounting plugin ActorSequence
LogPluginManager: Mounting plugin NetcodeUnitTest
LogPluginManager: Mounting plugin OnlineSubsystemNull
LogPluginManager: Mounting plugin OnlineSubsystem
LogPluginManager: Mounting plugin OnlineSubsystemUtils
LogPluginManager: Mounting plugin LauncherChunkInstaller
LogPluginManager: Mounting plugin AndroidPermission
LogPluginManager: Mounting plugin AppleImageUtils
LogPluginManager: Mounting plugin ArchVisCharacter
LogPluginManager: Mounting plugin AudioCapture
LogPluginManager: Mounting plugin CableComponent
LogPluginManager: Mounting plugin CustomMeshComponent
LogPluginManager: Mounting plugin EditableMesh
LogPluginManager: Mounting plugin ExampleDeviceProfileSelector
LogPluginManager: Mounting plugin LocationServicesBPLibrary
LogPluginManager: Mounting plugin MobilePatchingUtils
LogPluginManager: Mounting plugin OculusVR
LogPluginManager: Mounting plugin ProceduralMeshComponent
LogPluginManager: Mounting plugin PhysXVehicles
LogPluginManager: Mounting plugin RuntimePhysXCooking
LogPluginManager: Mounting plugin SteamVR
LogPluginManager: Mounting plugin WebMMoviePlayer
LogPluginManager: Mounting plugin WebMMedia
LogPluginManager: Mounting plugin WindowsMoviePlayer
LogInit: Using libcurl 7.55.1-DEV
LogInit:  - built for x86_64-pc-win32
LogInit:  - supports SSL with OpenSSL/1.1.1
LogInit:  - supports HTTP deflate (compression) using libz 1.2.8
LogInit:  - other features:
LogInit:      CURL_VERSION_SSL
LogInit:      CURL_VERSION_LIBZ
LogInit:      CURL_VERSION_IPV6
LogInit:      CURL_VERSION_ASYNCHDNS
LogInit:      CURL_VERSION_LARGEFILE
LogInit:      CURL_VERSION_IDN
LogInit:  CurlRequestOptions (configurable via config and command line):
LogInit:  - bVerifyPeer = true  - Libcurl will verify peer certificate
LogInit:  - bUseHttpProxy = false  - Libcurl will NOT use HTTP proxy
LogInit:  - bDontReuseConnections = false  - Libcurl will reuse connections
LogInit:  - MaxHostConnections = 16  - Libcurl will limit the number of connections to a host
LogInit:  - LocalHostAddr = Default
LogInit:  - BufferSize = 65536
LogOnline: OSS: Creating online subsystem instance for: NULL
LogInit: WinSock: version 1.1 (2.2), MaxSocks=32767, MaxUdp=65467
LogInit: Build: ++UE4+Release-4.23-CL-9631420
LogInit: Engine Version: 4.23.1-9631420+++UE4+Release-4.23
LogInit: Compatible Engine Version: 4.23.0-8386587+++UE4+Release-4.23
LogInit: Net CL: 8386587
LogInit: OS: Windows 10 (Release 1903) (), CPU: Intel(R) Core(TM) i7-8705G CPU @ 3.10GHz, GPU: Intel(R) HD Graphics 630
LogInit: Compiled (64-bit): Oct 18 2019 02:43:36
LogInit: Compiled with Visual C++: 19.16.27030.01
LogInit: Build Configuration: Development
LogInit: Branch Name: ++UE4+Release-4.23
LogInit: Command Line: 
LogInit: Base Directory: C:/Users/1brad/Documents/GitHub/Battle-Tank/BattleTank/WindowsNoEditor/BattleTank/Binaries/Win64/
LogInit: Installed Engine Build: 0
LogDevObjectVersion: Number of dev versions registered: 23
LogDevObjectVersion:   Dev-Blueprints (B0D832E4-1F89-4F0D-ACCF-7EB736FD4AA2): 10
LogDevObjectVersion:   Dev-Build (E1C64328-A22C-4D53-A36C-8E866417BD8C): 0
LogDevObjectVersion:   Dev-Core (375EC13C-06E4-48FB-B500-84F0262A717E): 3
LogDevObjectVersion:   Dev-Editor (E4B068ED-F494-42E9-A231-DA0B2E46BB41): 34
LogDevObjectVersion:   Dev-Framework (CFFC743F-43B0-4480-9391-14DF171D2073): 35
LogDevObjectVersion:   Dev-Mobile (B02B49B5-BB20-44E9-A304-32B752E40360): 2
LogDevObjectVersion:   Dev-Networking (A4E4105C-59A1-49B5-A7C5-40C4547EDFEE): 0
LogDevObjectVersion:   Dev-Online (39C831C9-5AE6-47DC-9A44-9C173E1C8E7C): 0
LogDevObjectVersion:   Dev-Physics (78F01B33-EBEA-4F98-B9B4-84EACCB95AA2): 0
LogDevObjectVersion:   Dev-Platform (6631380F-2D4D-43E0-8009-CF276956A95A): 0
LogDevObjectVersion:   Dev-Rendering (12F88B9F-8875-4AFC-A67C-D90C383ABD29): 31
LogDevObjectVersion:   Dev-Sequencer (7B5AE74C-D270-4C10-A958-57980B212A5A): 11
LogDevObjectVersion:   Dev-VR (D7296918-1DD6-4BDD-9DE2-64A83CC13884): 2
LogDevObjectVersion:   Dev-LoadTimes (C2A15278-BFE7-4AFE-6C17-90FF531DF755): 1
LogDevObjectVersion:   Private-Geometry (6EACA3D4-40EC-4CC1-B786-8BED09428FC5): 3
LogDevObjectVersion:   Dev-AnimPhys (29E575DD-E0A3-4627-9D10-D276232CDCEA): 17
LogDevObjectVersion:   Dev-Anim (AF43A65D-7FD3-4947-9873-3E8ED9C1BB05): 2
LogDevObjectVersion:   Dev-ReflectionCapture (6B266CEC-1EC7-4B8F-A30B-E4D90942FC07): 1
LogDevObjectVersion:   Dev-Automation (0DF73D61-A23F-47EA-B727-89E90C41499A): 1
LogDevObjectVersion:   FortniteMain (601D1886-AC64-4F84-AA16-D3DE0DEAC7D6): 27
LogDevObjectVersion:   Dev-Enterprise (9DFFBCD6-494F-0158-E221-12823C92A888): 6
LogDevObjectVersion:   Dev-Niagara (F2AED0AC-9AFE-416F-8664-AA7FFA26D6FC): 1
LogDevObjectVersion:   Dev-Destruction (174F1F0B-B4C6-45A5-B13F-2EE8D0FB917D): 9
LogInit: Presizing for max 2097152 objects, including 1 objects not considered by GC, pre-allocating 0 bytes for permanent pool.
LogStreaming: Display: Async Loading initialized: Event Driven Loader: true, Async Loading Thread: false, Async Post Load: true
LogInit: Object subsystem initialized
LogConfig: Setting CVar [[con.DebugEarlyDefault:1]]
LogConfig: Setting CVar [[r.setres:1280x720]]
[2020.02.09-04.12.48:059][  0]LogConfig: Setting CVar [[con.DebugEarlyDefault:1]]
[2020.02.09-04.12.48:059][  0]LogConfig: Setting CVar [[r.setres:1280x720]]
[2020.02.09-04.12.48:059][  0]LogConfig: Applying CVar settings from Section [/Script/Engine.RendererSettings] File [../../../BattleTank/Saved/Config/WindowsNoEditor/Engine.ini]
[2020.02.09-04.12.48:059][  0]LogConfig: Setting CVar [[r.GPUCrashDebugging:0]]
[2020.02.09-04.12.48:059][  0]LogConfig: Setting CVar [[r.DefaultFeature.AutoExposure.ExtendDefaultLuminanceRange:1]]
[2020.02.09-04.12.48:059][  0]LogConfig: Applying CVar settings from Section [/Script/Engine.RendererOverrideSettings] File [../../../BattleTank/Saved/Config/WindowsNoEditor/Engine.ini]
[2020.02.09-04.12.48:059][  0]LogConfig: Applying CVar settings from Section [/Script/Engine.StreamingSettings] File [../../../BattleTank/Saved/Config/WindowsNoEditor/Engine.ini]
[2020.02.09-04.12.48:059][  0]LogConfig: Setting CVar [[s.MinBulkDataSizeForAsyncLoading:131072]]
[2020.02.09-04.12.48:059][  0]LogConfig: Setting CVar [[s.AsyncLoadingThreadEnabled:0]]
[2020.02.09-04.12.48:059][  0]LogConfig: Setting CVar [[s.EventDrivenLoaderEnabled:1]]
[2020.02.09-04.12.48:059][  0]LogConfig: Setting CVar [[s.WarnIfTimeLimitExceeded:0]]
[2020.02.09-04.12.48:059][  0]LogConfig: Setting CVar [[s.TimeLimitExceededMultiplier:1.5]]
[2020.02.09-04.12.48:059][  0]LogConfig: Setting CVar [[s.TimeLimitExceededMinTime:0.005]]
[2020.02.09-04.12.48:060][  0]LogConfig: Setting CVar [[s.UseBackgroundLevelStreaming:1]]
[2020.02.09-04.12.48:060][  0]LogConfig: Setting CVar [[s.PriorityAsyncLoadingExtraTime:15.0]]
[2020.02.09-04.12.48:060][  0]LogConfig: Setting CVar [[s.LevelStreamingActorsUpdateTimeLimit:5.0]]
[2020.02.09-04.12.48:060][  0]LogConfig: Setting CVar [[s.PriorityLevelStreamingActorsUpdateExtraTime:5.0]]
[2020.02.09-04.12.48:060][  0]LogConfig: Setting CVar [[s.LevelStreamingComponentsRegistrationGranularity:10]]
[2020.02.09-04.12.48:060][  0]LogConfig: Setting CVar [[s.UnregisterComponentsTimeLimit:1.0]]
[2020.02.09-04.12.48:060][  0]LogConfig: Setting CVar [[s.LevelStreamingComponentsUnregistrationGranularity:5]]
[2020.02.09-04.12.48:060][  0]LogConfig: Applying CVar settings from Section [/Script/Engine.GarbageCollectionSettings] File [../../../BattleTank/Saved/Config/WindowsNoEditor/Engine.ini]
[2020.02.09-04.12.48:060][  0]LogConfig: Setting CVar [[gc.MaxObjectsNotConsideredByGC:1]]
[2020.02.09-04.12.48:060][  0]LogConfig: Setting CVar [[gc.SizeOfPermanentObjectPool:0]]
[2020.02.09-04.12.48:060][  0]LogConfig: Setting CVar [[gc.FlushStreamingOnGC:0]]
[2020.02.09-04.12.48:060][  0]LogConfig: Setting CVar [[gc.NumRetriesBeforeForcingGC:10]]
[2020.02.09-04.12.48:060][  0]LogConfig: Setting CVar [[gc.AllowParallelGC:1]]
[2020.02.09-04.12.48:060][  0]LogConfig: Setting CVar [[gc.TimeBetweenPurgingPendingKillObjects:61.1]]
[2020.02.09-04.12.48:060][  0]LogConfig: Setting CVar [[gc.MaxObjectsInEditor:16777216]]
[2020.02.09-04.12.48:060][  0]LogConfig: Setting CVar [[gc.IncrementalBeginDestroyEnabled:1]]
[2020.02.09-04.12.48:060][  0]LogConfig: Setting CVar [[gc.CreateGCClusters:1]]
[2020.02.09-04.12.48:060][  0]LogConfig: Setting CVar [[gc.MinGCClusterSize:5]]
[2020.02.09-04.12.48:060][  0]LogConfig: Setting CVar [[gc.ActorClusteringEnabled:0]]
[2020.02.09-04.12.48:060][  0]LogConfig: Setting CVar [[gc.BlueprintClusteringEnabled:0]]
[2020.02.09-04.12.48:060][  0]LogConfig: Setting CVar [[gc.UseDisregardForGCOnDedicatedServers:0]]
[2020.02.09-04.12.48:060][  0]LogConfig: Applying CVar settings from Section [/Script/Engine.NetworkSettings] File [../../../BattleTank/Saved/Config/WindowsNoEditor/Engine.ini]
[2020.02.09-04.12.48:062][  0]LogConfig: Applying CVar settings from Section [ViewDistanceQuality@3] File [../../../BattleTank/Saved/Config/WindowsNoEditor/Scalability.ini]
[2020.02.09-04.12.48:062][  0]LogConfig: Setting CVar [[r.SkeletalMeshLODBias:0]]
[2020.02.09-04.12.48:062][  0]LogConfig: Setting CVar [[r.ViewDistanceScale:1.0]]
[2020.02.09-04.12.48:062][  0]LogConfig: Applying CVar settings from Section [AntiAliasingQuality@3] File [../../../BattleTank/Saved/Config/WindowsNoEditor/Scalability.ini]
[2020.02.09-04.12.48:062][  0]LogConfig: Setting CVar [[r.PostProcessAAQuality:4]]
[2020.02.09-04.12.48:062][  0]LogConfig: Applying CVar settings from Section [ShadowQuality@3] File [../../../BattleTank/Saved/Config/WindowsNoEditor/Scalability.ini]
[2020.02.09-04.12.48:062][  0]LogConfig: Setting CVar [[r.LightFunctionQuality:1]]
[2020.02.09-04.12.48:062][  0]LogConfig: Setting CVar [[r.ShadowQuality:5]]
[2020.02.09-04.12.48:062][  0]LogConfig: Setting CVar [[r.Shadow.CSM.MaxCascades:10]]
[2020.02.09-04.12.48:062][  0]LogConfig: Setting CVar [[r.Shadow.MaxResolution:2048]]
[2020.02.09-04.12.48:062][  0]LogConfig: Setting CVar [[r.Shadow.MaxCSMResolution:2048]]
[2020.02.09-04.12.48:062][  0]LogConfig: Setting CVar [[r.Shadow.RadiusThreshold:0.01]]
[2020.02.09-04.12.48:062][  0]LogConfig: Setting CVar [[r.Shadow.DistanceScale:1.0]]
[2020.02.09-04.12.48:062][  0]LogConfig: Setting CVar [[r.Shadow.CSM.TransitionScale:1.0]]
[2020.02.09-04.12.48:062][  0]LogConfig: Setting CVar [[r.Shadow.PreShadowResolutionFactor:1.0]]
[2020.02.09-04.12.48:062][  0]LogConfig: Setting CVar [[r.DistanceFieldShadowing:1]]
[2020.02.09-04.12.48:062][  0]LogConfig: Setting CVar [[r.DistanceFieldAO:1]]
[2020.02.09-04.12.48:062][  0]LogConfig: Setting CVar [[r.AOQuality:2]]
[2020.02.09-04.12.48:062][  0]LogConfig: Setting CVar [[r.VolumetricFog:1]]
[2020.02.09-04.12.48:062][  0]LogConfig: Setting CVar [[r.VolumetricFog.GridPixelSize:8]]
[2020.02.09-04.12.48:062][  0]LogConfig: Setting CVar [[r.VolumetricFog.GridSizeZ:128]]
[2020.02.09-04.12.48:063][  0]LogConfig: Setting CVar [[r.VolumetricFog.HistoryMissSupersampleCount:4]]
[2020.02.09-04.12.48:063][  0]LogConfig: Setting CVar [[r.LightMaxDrawDistanceScale:1]]
[2020.02.09-04.12.48:063][  0]LogConfig: Setting CVar [[r.CapsuleShadows:1]]
[2020.02.09-04.12.48:063][  0]LogConfig: Applying CVar settings from Section [PostProcessQuality@3] File [../../../BattleTank/Saved/Config/WindowsNoEditor/Scalability.ini]
[2020.02.09-04.12.48:063][  0]LogConfig: Setting CVar [[r.MotionBlurQuality:4]]
[2020.02.09-04.12.48:063][  0]LogConfig: Setting CVar [[r.AmbientOcclusionMipLevelFactor:0.4]]
[2020.02.09-04.12.48:063][  0]LogConfig: Setting CVar [[r.AmbientOcclusionMaxQuality:100]]
[2020.02.09-04.12.48:063][  0]LogConfig: Setting CVar [[r.AmbientOcclusionLevels:-1]]
[2020.02.09-04.12.48:063][  0]LogConfig: Setting CVar [[r.AmbientOcclusionRadiusScale:1.0]]
[2020.02.09-04.12.48:063][  0]LogConfig: Setting CVar [[r.DepthOfFieldQuality:2]]
[2020.02.09-04.12.48:063][  0]LogConfig: Setting CVar [[r.RenderTargetPoolMin:400]]
[2020.02.09-04.12.48:063][  0]LogConfig: Setting CVar [[r.LensFlareQuality:2]]
[2020.02.09-04.12.48:063][  0]LogConfig: Setting CVar [[r.SceneColorFringeQuality:1]]
[2020.02.09-04.12.48:063][  0]LogConfig: Setting CVar [[r.EyeAdaptationQuality:2]]
[2020.02.09-04.12.48:063][  0]LogConfig: Setting CVar [[r.BloomQuality:5]]
[2020.02.09-04.12.48:063][  0]LogConfig: Setting CVar [[r.FastBlurThreshold:100]]
[2020.02.09-04.12.48:063][  0]LogConfig: Setting CVar [[r.Upscale.Quality:3]]
[2020.02.09-04.12.48:063][  0]LogConfig: Setting CVar [[r.Tonemapper.GrainQuantization:1]]
[2020.02.09-04.12.48:063][  0]LogConfig: Setting CVar [[r.LightShaftQuality:1]]
[2020.02.09-04.12.48:063][  0]LogConfig: Setting CVar [[r.Filter.SizeScale:1]]
[2020.02.09-04.12.48:063][  0]LogConfig: Setting CVar [[r.Tonemapper.Quality:5]]
[2020.02.09-04.12.48:063][  0]LogConfig: Setting CVar [[r.DOF.Gather.AccumulatorQuality:1        ; higher gathering accumulator quality]]
[2020.02.09-04.12.48:063][  0]LogConfig: Setting CVar [[r.DOF.Gather.PostfilterMethod:1          ; Median3x3 postfilering method]]
[2020.02.09-04.12.48:063][  0]LogConfig: Setting CVar [[r.DOF.Gather.EnableBokehSettings:0       ; no bokeh simulation when gathering]]
[2020.02.09-04.12.48:063][  0]LogConfig: Setting CVar [[r.DOF.Gather.RingCount:4                 ; medium number of samples when gathering]]
[2020.02.09-04.12.48:063][  0]LogConfig: Setting CVar [[r.DOF.Scatter.ForegroundCompositing:1    ; additive foreground scattering]]
[2020.02.09-04.12.48:063][  0]LogConfig: Setting CVar [[r.DOF.Scatter.BackgroundCompositing:2    ; additive background scattering]]
[2020.02.09-04.12.48:063][  0]LogConfig: Setting CVar [[r.DOF.Scatter.EnableBokehSettings:1      ; bokeh simulation when scattering]]
[2020.02.09-04.12.48:063][  0]LogConfig: Setting CVar [[r.DOF.Scatter.MaxSpriteRatio:0.1         ; only a maximum of 10% of scattered bokeh]]
[2020.02.09-04.12.48:063][  0]LogConfig: Setting CVar [[r.DOF.Recombine.Quality:1                ; cheap slight out of focus]]
[2020.02.09-04.12.48:063][  0]LogConfig: Setting CVar [[r.DOF.Recombine.EnableBokehSettings:0    ; no bokeh simulation on slight out of focus]]
[2020.02.09-04.12.48:063][  0]LogConfig: Setting CVar [[r.DOF.TemporalAAQuality:1                ; more stable temporal accumulation]]
[2020.02.09-04.12.48:063][  0]LogConfig: Setting CVar [[r.DOF.Kernel.MaxForegroundRadius:0.025]]
[2020.02.09-04.12.48:063][  0]LogConfig: Setting CVar [[r.DOF.Kernel.MaxBackgroundRadius:0.025]]
[2020.02.09-04.12.48:063][  0]LogConfig: Applying CVar settings from Section [TextureQuality@3] File [../../../BattleTank/Saved/Config/WindowsNoEditor/Scalability.ini]
[2020.02.09-04.12.48:063][  0]LogConfig: Setting CVar [[r.Streaming.MipBias:0]]
[2020.02.09-04.12.48:063][  0]LogConfig: Setting CVar [[r.Streaming.AmortizeCPUToGPUCopy:0]]
[2020.02.09-04.12.48:063][  0]LogConfig: Setting CVar [[r.Streaming.MaxNumTexturesToStreamPerFrame:0]]
[2020.02.09-04.12.48:063][  0]LogConfig: Setting CVar [[r.Streaming.Boost:1]]
[2020.02.09-04.12.48:063][  0]LogConfig: Setting CVar [[r.MaxAnisotropy:8]]
[2020.02.09-04.12.48:063][  0]LogConfig: Setting CVar [[r.Streaming.LimitPoolSizeToVRAM:0]]
[2020.02.09-04.12.48:063][  0]LogConfig: Setting CVar [[r.Streaming.PoolSize:1000]]
[2020.02.09-04.12.48:063][  0]LogConfig: Setting CVar [[r.Streaming.MaxEffectiveScreenSize:0]]
[2020.02.09-04.12.48:063][  0]LogConfig: Applying CVar settings from Section [EffectsQuality@3] File [../../../BattleTank/Saved/Config/WindowsNoEditor/Scalability.ini]
[2020.02.09-04.12.48:063][  0]LogConfig: Setting CVar [[r.TranslucencyLightingVolumeDim:64]]
[2020.02.09-04.12.48:063][  0]LogConfig: Setting CVar [[r.RefractionQuality:2]]
[2020.02.09-04.12.48:063][  0]LogConfig: Setting CVar [[r.SSR.Quality:3]]
[2020.02.09-04.12.48:063][  0]LogConfig: Setting CVar [[r.SceneColorFormat:4]]
[2020.02.09-04.12.48:063][  0]LogConfig: Setting CVar [[r.DetailMode:2]]
[2020.02.09-04.12.48:063][  0]LogConfig: Setting CVar [[r.TranslucencyVolumeBlur:1]]
[2020.02.09-04.12.48:063][  0]LogConfig: Setting CVar [[r.MaterialQualityLevel:1 ; High quality]]
[2020.02.09-04.12.48:063][  0]LogConfig: Setting CVar [[r.SSS.Scale:1]]
[2020.02.09-04.12.48:063][  0]LogConfig: Setting CVar [[r.SSS.SampleSet:2]]
[2020.02.09-04.12.48:063][  0]LogConfig: Setting CVar [[r.SSS.Quality:1]]
[2020.02.09-04.12.48:063][  0]LogConfig: Setting CVar [[r.SSS.HalfRes:1]]
[2020.02.09-04.12.48:063][  0]LogConfig: Setting CVar [[r.EmitterSpawnRateScale:1.0]]
[2020.02.09-04.12.48:063][  0]LogConfig: Setting CVar [[r.ParticleLightQuality:2]]
[2020.02.09-04.12.48:063][  0]LogConfig: Applying CVar settings from Section [FoliageQuality@3] File [../../../BattleTank/Saved/Config/WindowsNoEditor/Scalability.ini]
[2020.02.09-04.12.48:063][  0]LogConfig: Setting CVar [[foliage.DensityScale:1.0]]
[2020.02.09-04.12.48:063][  0]LogConfig: Setting CVar [[grass.DensityScale:1.0]]
[2020.02.09-04.12.48:064][  0]LogInit: Selected Device Profile: [WindowsNoEditor]
[2020.02.09-04.12.48:064][  0]LogInit: Applying CVar settings loaded from the selected device profile: [WindowsNoEditor]
[2020.02.09-04.12.48:067][  0]LogHAL: Display: Platform has ~ 8 GB [8392228864 / 8589934592 / 8], which maps to Default [LargestMinGB=32, LargerMinGB=12, DefaultMinGB=8, SmallerMinGB=6, SmallestMinGB=0)
[2020.02.09-04.12.48:067][  0]LogInit: Going up to parent DeviceProfile [Windows]
[2020.02.09-04.12.48:067][  0]LogInit: Going up to parent DeviceProfile []
[2020.02.09-04.12.48:067][  0]LogConfig: Applying CVar settings from Section [ViewDistanceQuality@3] File [../../../BattleTank/Saved/Config/WindowsNoEditor/Scalability.ini]
[2020.02.09-04.12.48:067][  0]LogConfig: Setting CVar [[r.SkeletalMeshLODBias:0]]
[2020.02.09-04.12.48:067][  0]LogConfig: Setting CVar [[r.ViewDistanceScale:1.0]]
[2020.02.09-04.12.48:067][  0]LogConfig: Applying CVar settings from Section [AntiAliasingQuality@3] File [../../../BattleTank/Saved/Config/WindowsNoEditor/Scalability.ini]
[2020.02.09-04.12.48:067][  0]LogConfig: Setting CVar [[r.PostProcessAAQuality:4]]
[2020.02.09-04.12.48:067][  0]LogConfig: Applying CVar settings from Section [ShadowQuality@3] File [../../../BattleTank/Saved/Config/WindowsNoEditor/Scalability.ini]
[2020.02.09-04.12.48:067][  0]LogConfig: Setting CVar [[r.LightFunctionQuality:1]]
[2020.02.09-04.12.48:067][  0]LogConfig: Setting CVar [[r.ShadowQuality:5]]
[2020.02.09-04.12.48:067][  0]LogConfig: Setting CVar [[r.Shadow.CSM.MaxCascades:10]]
[2020.02.09-04.12.48:067][  0]LogConfig: Setting CVar [[r.Shadow.MaxResolution:2048]]
[2020.02.09-04.12.48:067][  0]LogConfig: Setting CVar [[r.Shadow.MaxCSMResolution:2048]]
[2020.02.09-04.12.48:067][  0]LogConfig: Setting CVar [[r.Shadow.RadiusThreshold:0.01]]
[2020.02.09-04.12.48:067][  0]LogConfig: Setting CVar [[r.Shadow.DistanceScale:1.0]]
[2020.02.09-04.12.48:067][  0]LogConfig: Setting CVar [[r.Shadow.CSM.TransitionScale:1.0]]
[2020.02.09-04.12.48:067][  0]LogConfig: Setting CVar [[r.Shadow.PreShadowResolutionFactor:1.0]]
[2020.02.09-04.12.48:067][  0]LogConfig: Setting CVar [[r.DistanceFieldShadowing:1]]
[2020.02.09-04.12.48:067][  0]LogConfig: Setting CVar [[r.DistanceFieldAO:1]]
[2020.02.09-04.12.48:067][  0]LogConfig: Setting CVar [[r.AOQuality:2]]
[2020.02.09-04.12.48:067][  0]LogConfig: Setting CVar [[r.VolumetricFog:1]]
[2020.02.09-04.12.48:067][  0]LogConfig: Setting CVar [[r.VolumetricFog.GridPixelSize:8]]
[2020.02.09-04.12.48:067][  0]LogConfig: Setting CVar [[r.VolumetricFog.GridSizeZ:128]]
[2020.02.09-04.12.48:067][  0]LogConfig: Setting CVar [[r.VolumetricFog.HistoryMissSupersampleCount:4]]
[2020.02.09-04.12.48:067][  0]LogConfig: Setting CVar [[r.LightMaxDrawDistanceScale:1]]
[2020.02.09-04.12.48:067][  0]LogConfig: Setting CVar [[r.CapsuleShadows:1]]
[2020.02.09-04.12.48:067][  0]LogConfig: Applying CVar settings from Section [PostProcessQuality@3] File [../../../BattleTank/Saved/Config/WindowsNoEditor/Scalability.ini]
[2020.02.09-04.12.48:067][  0]LogConfig: Setting CVar [[r.MotionBlurQuality:4]]
[2020.02.09-04.12.48:067][  0]LogConfig: Setting CVar [[r.AmbientOcclusionMipLevelFactor:0.4]]
[2020.02.09-04.12.48:067][  0]LogConfig: Setting CVar [[r.AmbientOcclusionMaxQuality:100]]
[2020.02.09-04.12.48:067][  0]LogConfig: Setting CVar [[r.AmbientOcclusionLevels:-1]]
[2020.02.09-04.12.48:067][  0]LogConfig: Setting CVar [[r.AmbientOcclusionRadiusScale:1.0]]
[2020.02.09-04.12.48:067][  0]LogConfig: Setting CVar [[r.DepthOfFieldQuality:2]]
[2020.02.09-04.12.48:067][  0]LogConfig: Setting CVar [[r.RenderTargetPoolMin:400]]
[2020.02.09-04.12.48:067][  0]LogConfig: Setting CVar [[r.LensFlareQuality:2]]
[2020.02.09-04.12.48:067][  0]LogConfig: Setting CVar [[r.SceneColorFringeQuality:1]]
[2020.02.09-04.12.48:067][  0]LogConfig: Setting CVar [[r.EyeAdaptationQuality:2]]
[2020.02.09-04.12.48:067][  0]LogConfig: Setting CVar [[r.BloomQuality:5]]
[2020.02.09-04.12.48:067][  0]LogConfig: Setting CVar [[r.FastBlurThreshold:100]]
[2020.02.09-04.12.48:067][  0]LogConfig: Setting CVar [[r.Upscale.Quality:3]]
[2020.02.09-04.12.48:067][  0]LogConfig: Setting CVar [[r.Tonemapper.GrainQuantization:1]]
[2020.02.09-04.12.48:067][  0]LogConfig: Setting CVar [[r.LightShaftQuality:1]]
[2020.02.09-04.12.48:067][  0]LogConfig: Setting CVar [[r.Filter.SizeScale:1]]
[2020.02.09-04.12.48:067][  0]LogConfig: Setting CVar [[r.Tonemapper.Quality:5]]
[2020.02.09-04.12.48:067][  0]LogConfig: Setting CVar [[r.DOF.Gather.AccumulatorQuality:1        ; higher gathering accumulator quality]]
[2020.02.09-04.12.48:067][  0]LogConfig: Setting CVar [[r.DOF.Gather.PostfilterMethod:1          ; Median3x3 postfilering method]]
[2020.02.09-04.12.48:067][  0]LogConfig: Setting CVar [[r.DOF.Gather.EnableBokehSettings:0       ; no bokeh simulation when gathering]]
[2020.02.09-04.12.48:067][  0]LogConfig: Setting CVar [[r.DOF.Gather.RingCount:4                 ; medium number of samples when gathering]]
[2020.02.09-04.12.48:067][  0]LogConfig: Setting CVar [[r.DOF.Scatter.ForegroundCompositing:1    ; additive foreground scattering]]
[2020.02.09-04.12.48:067][  0]LogConfig: Setting CVar [[r.DOF.Scatter.BackgroundCompositing:2    ; additive background scattering]]
[2020.02.09-04.12.48:067][  0]LogConfig: Setting CVar [[r.DOF.Scatter.EnableBokehSettings:1      ; bokeh simulation when scattering]]
[2020.02.09-04.12.48:067][  0]LogConfig: Setting CVar [[r.DOF.Scatter.MaxSpriteRatio:0.1         ; only a maximum of 10% of scattered bokeh]]
[2020.02.09-04.12.48:067][  0]LogConfig: Setting CVar [[r.DOF.Recombine.Quality:1                ; cheap slight out of focus]]
[2020.02.09-04.12.48:067][  0]LogConfig: Setting CVar [[r.DOF.Recombine.EnableBokehSettings:0    ; no bokeh simulation on slight out of focus]]
[2020.02.09-04.12.48:067][  0]LogConfig: Setting CVar [[r.DOF.TemporalAAQuality:1                ; more stable temporal accumulation]]
[2020.02.09-04.12.48:067][  0]LogConfig: Setting CVar [[r.DOF.Kernel.MaxForegroundRadius:0.025]]
[2020.02.09-04.12.48:067][  0]LogConfig: Setting CVar [[r.DOF.Kernel.MaxBackgroundRadius:0.025]]
[2020.02.09-04.12.48:067][  0]LogConfig: Applying CVar settings from Section [TextureQuality@3] File [../../../BattleTank/Saved/Config/WindowsNoEditor/Scalability.ini]
[2020.02.09-04.12.48:067][  0]LogConfig: Setting CVar [[r.Streaming.MipBias:0]]
[2020.02.09-04.12.48:067][  0]LogConfig: Setting CVar [[r.Streaming.AmortizeCPUToGPUCopy:0]]
[2020.02.09-04.12.48:067][  0]LogConfig: Setting CVar [[r.Streaming.MaxNumTexturesToStreamPerFrame:0]]
[2020.02.09-04.12.48:067][  0]LogConfig: Setting CVar [[r.Streaming.Boost:1]]
[2020.02.09-04.12.48:067][  0]LogConfig: Setting CVar [[r.MaxAnisotropy:8]]
[2020.02.09-04.12.48:067][  0]LogConfig: Setting CVar [[r.Streaming.LimitPoolSizeToVRAM:0]]
[2020.02.09-04.12.48:067][  0]LogConfig: Setting CVar [[r.Streaming.PoolSize:1000]]
[2020.02.09-04.12.48:068][  0]LogConfig: Setting CVar [[r.Streaming.MaxEffectiveScreenSize:0]]
[2020.02.09-04.12.48:068][  0]LogConfig: Applying CVar settings from Section [EffectsQuality@3] File [../../../BattleTank/Saved/Config/WindowsNoEditor/Scalability.ini]
[2020.02.09-04.12.48:068][  0]LogConfig: Setting CVar [[r.TranslucencyLightingVolumeDim:64]]
[2020.02.09-04.12.48:068][  0]LogConfig: Setting CVar [[r.RefractionQuality:2]]
[2020.02.09-04.12.48:068][  0]LogConfig: Setting CVar [[r.SSR.Quality:3]]
[2020.02.09-04.12.48:068][  0]LogConfig: Setting CVar [[r.SceneColorFormat:4]]
[2020.02.09-04.12.48:068][  0]LogConfig: Setting CVar [[r.DetailMode:2]]
[2020.02.09-04.12.48:068][  0]LogConfig: Setting CVar [[r.TranslucencyVolumeBlur:1]]
[2020.02.09-04.12.48:068][  0]LogConfig: Setting CVar [[r.MaterialQualityLevel:1 ; High quality]]
[2020.02.09-04.12.48:068][  0]LogConfig: Setting CVar [[r.SSS.Scale:1]]
[2020.02.09-04.12.48:068][  0]LogConfig: Setting CVar [[r.SSS.SampleSet:2]]
[2020.02.09-04.12.48:068][  0]LogConfig: Setting CVar [[r.SSS.Quality:1]]
[2020.02.09-04.12.48:068][  0]LogConfig: Setting CVar [[r.SSS.HalfRes:1]]
[2020.02.09-04.12.48:068][  0]LogConfig: Setting CVar [[r.EmitterSpawnRateScale:1.0]]
[2020.02.09-04.12.48:068][  0]LogConfig: Setting CVar [[r.ParticleLightQuality:2]]
[2020.02.09-04.12.48:068][  0]LogConfig: Applying CVar settings from Section [FoliageQuality@3] File [../../../BattleTank/Saved/Config/WindowsNoEditor/Scalability.ini]
[2020.02.09-04.12.48:068][  0]LogConfig: Setting CVar [[foliage.DensityScale:1.0]]
[2020.02.09-04.12.48:068][  0]LogConfig: Setting CVar [[grass.DensityScale:1.0]]
[2020.02.09-04.12.48:068][  0]LogConfig: Applying CVar settings from Section [Startup] File [../../../Engine/Config/ConsoleVariables.ini]
[2020.02.09-04.12.48:068][  0]LogConfig: Setting CVar [[net.UseAdaptiveNetUpdateFrequency:0]]
[2020.02.09-04.12.48:068][  0]LogConfig: Setting CVar [[p.chaos.AllowCreatePhysxBodies:1]]
[2020.02.09-04.12.48:068][  0]LogConfig: Applying CVar settings from Section [ConsoleVariables] File [../../../BattleTank/Saved/Config/WindowsNoEditor/Engine.ini]
[2020.02.09-04.12.48:068][  0]LogInit: Computer: DESKTOP-8JJKNE5
[2020.02.09-04.12.48:068][  0]LogInit: User: 1brad
[2020.02.09-04.12.48:068][  0]LogInit: CPU Page size=4096, Cores=4
[2020.02.09-04.12.48:068][  0]LogInit: High frequency timer resolution =10.000000 MHz
[2020.02.09-04.12.48:068][  0]LogMemory: Memory total: Physical=7.8GB (8GB approx)
[2020.02.09-04.12.48:068][  0]LogMemory: Platform Memory Stats for WindowsNoEditor
[2020.02.09-04.12.48:068][  0]LogMemory: Process Physical Memory: 55.67 MB used, 55.67 MB peak
[2020.02.09-04.12.48:068][  0]LogMemory: Process Virtual Memory: 68.81 MB used, 68.81 MB peak
[2020.02.09-04.12.48:068][  0]LogMemory: Physical Memory: 5963.82 MB used,  2039.64 MB free, 8003.45 MB total
[2020.02.09-04.12.48:068][  0]LogMemory: Virtual Memory: 4453.75 MB used,  134213272.00 MB free, 134217728.00 MB total
[2020.02.09-04.12.48:071][  0]LogWindows: WindowsPlatformFeatures enabled
[2020.02.09-04.12.48:083][  0]LogInit: Using OS detected language (en-US).
[2020.02.09-04.12.48:083][  0]LogInit: Using OS detected locale (en-US).
[2020.02.09-04.12.48:084][  0]LogTextLocalizationManager: No specific localization for 'en-US' exists, so the 'en' localization will be used.
[2020.02.09-04.12.48:111][  0]LogSlate: New Slate User Created.  User Index 0, Is Virtual User: 0
[2020.02.09-04.12.48:111][  0]LogSlate: Slate User Registered.  User Index 0, Is Virtual User: 0
[2020.02.09-04.12.48:127][  0]LogHMD: Failed to initialize OpenVR with code 110
[2020.02.09-04.12.48:127][  0]LogD3D11RHI: D3D11 adapters:
[2020.02.09-04.12.48:178][  0]LogD3D11RHI:    0. 'Intel(R) HD Graphics 630' (Feature Level 11_0)
[2020.02.09-04.12.48:178][  0]LogD3D11RHI:       128/0/4001 MB DedicatedVideo/DedicatedSystem/SharedSystem, Outputs:1, VendorId:0x8086
[2020.02.09-04.12.48:221][  0]LogD3D11RHI:    1. 'Radeon RX Vega M GL Graphics' (Feature Level 11_0)
[2020.02.09-04.12.48:221][  0]LogD3D11RHI:       4044/0/4001 MB DedicatedVideo/DedicatedSystem/SharedSystem, Outputs:0, VendorId:0x1002
[2020.02.09-04.12.48:223][  0]LogD3D11RHI:    2. 'Microsoft Basic Render Driver' (Feature Level 11_0)
[2020.02.09-04.12.48:223][  0]LogD3D11RHI:       0/0/4001 MB DedicatedVideo/DedicatedSystem/SharedSystem, Outputs:0, VendorId:0x1414
[2020.02.09-04.12.48:223][  0]LogD3D11RHI: Chosen D3D11 Adapter: 1
[2020.02.09-04.12.48:232][  0]LogD3D11RHI: Creating new Direct3DDevice
[2020.02.09-04.12.48:233][  0]LogD3D11RHI:     GPU DeviceId: 0x694e (for the marketing name, search the web for "GPU Device Id")
[2020.02.09-04.12.48:233][  0]LogWindows: EnumDisplayDevices:
[2020.02.09-04.12.48:233][  0]LogWindows:    0. 'Intel(R) HD Graphics 630' (P:1 D:1)
[2020.02.09-04.12.48:233][  0]LogWindows:    1. 'Intel(R) HD Graphics 630' (P:0 D:0)
[2020.02.09-04.12.48:234][  0]LogWindows:    2. 'Intel(R) HD Graphics 630' (P:0 D:0)
[2020.02.09-04.12.48:234][  0]LogWindows: DebugString: PrimaryIsNotTheChoosenAdapter PrimaryIsNotTheChoosenAdapter PrimaryIsNotTheChoosenAdapter FoundDriverCount:0 
[2020.02.09-04.12.48:234][  0]LogD3D11RHI:     Adapter Name: Radeon RX Vega M GL Graphics
[2020.02.09-04.12.48:234][  0]LogD3D11RHI:   Driver Version: Unknown (internal:Unknown, unified:Unknown)
[2020.02.09-04.12.48:234][  0]LogD3D11RHI:      Driver Date: Unknown
[2020.02.09-04.12.48:234][  0]LogRHI: Texture pool is 2831 MB (70% of 4044 MB)
[2020.02.09-04.12.48:282][  0]LogD3D11RHI: Async texture creation enabled
[2020.02.09-04.12.48:292][  0]LogD3D11RHI: GPU Timing Frequency: 25.000000 (Debug: 2 1)
[2020.02.09-04.12.48:307][  0]LogMaterial: Verifying Global Shaders for PCD3D_SM5
[2020.02.09-04.12.48:311][  0]LogSlate: Using FreeType 2.6.0
[2020.02.09-04.12.48:312][  0]LogSlate: SlateFontServices - WITH_FREETYPE: 1, WITH_HARFBUZZ: 1
[2020.02.09-04.12.48:491][  0]LogInit: Using OS detected language (en-US).
[2020.02.09-04.12.48:491][  0]LogInit: Using OS detected locale (en-US).
[2020.02.09-04.12.48:491][  0]LogTextLocalizationManager: No localization for 'en-US' exists, so 'en' will be used for the language.
[2020.02.09-04.12.48:491][  0]LogTextLocalizationManager: No localization for 'en-US' exists, so 'en' will be used for the locale.
[2020.02.09-04.12.48:491][  0]LogSlate: FontCache flush requested. Reason: Culture for localization was changed
[2020.02.09-04.12.48:491][  0]LogSlate: FontCache flush requested. Reason: Culture for localization was changed
[2020.02.09-04.12.48:492][  0]LogTextLocalizationManager: Compacting localization data took   0.69ms
[2020.02.09-04.12.48:504][  0]LogAssetRegistry: FAssetRegistry took 0.0117 seconds to start up
[2020.02.09-04.12.48:637][  0]LogStreaming: Display: Flushing async loaders.
[2020.02.09-04.12.48:638][  0]LogPackageLocalizationCache: Processed 11 localized package path(s) for 1 prioritized culture(s) in 0.000061 seconds
[2020.02.09-04.12.48:638][  0]LogPakFile: New pak file ../../../BattleTank/Content/Paks/BattleTank-WindowsNoEditor.pak added to pak precacher.
[2020.02.09-04.12.48:642][  0]LogInit: Selected Device Profile: [WindowsNoEditor]
[2020.02.09-04.12.48:656][  0]LogNetVersion: BattleTank 1.0.0, NetCL: 8386587, EngineNetVer: 11, GameNetVer: 0 (Checksum: 546309489)
[2020.02.09-04.12.48:825][  0]LogMoviePlayer: Initializing movie player
[2020.02.09-04.12.48:825][  0]LogAndroidPermission: UAndroidPermissionCallbackProxy::GetInstance
[2020.02.09-04.12.48:825][  0]LogOcInput: OculusInput pre-init called
[2020.02.09-04.12.48:830][  0]LogUObjectArray: 39546 objects as part of root set at end of initial load.
[2020.02.09-04.12.48:830][  0]LogUObjectArray: 2 objects are not in the root set, but can never be destroyed because they are in the DisregardForGC set.
[2020.02.09-04.12.48:830][  0]LogUObjectAllocator: 5932288 out of 0 bytes used by permanent object pool.
[2020.02.09-04.12.48:830][  0]LogUObjectArray: CloseDisregardForGC: 39546/39546 objects in disregard for GC pool
[2020.02.09-04.12.48:832][  0]LogEngine: Initializing Engine...
[2020.02.09-04.12.48:832][  0]LogHMD: Failed to initialize OpenVR with code 110
[2020.02.09-04.12.48:833][  0]LogStats: UGameplayTagsManager::InitializeManager -  0.000 s
[2020.02.09-04.12.48:922][  0]LogInit: Initializing FReadOnlyCVARCache
[2020.02.09-04.12.48:932][  0]LogAudioDebug: Display: Lib vorbis DLL was dynamically loaded.
[2020.02.09-04.12.48:940][  0]LogInit: XAudio2 using 'Speakers/Headphones (Realtek(R) Audio)' : 2 channels at 48 kHz using 32 bits per sample (channel mask 0x3)
[2020.02.09-04.12.49:037][  0]LogInit: FAudioDevice initialized.
[2020.02.09-04.12.49:038][  0]LogNetVersion: Set ProjectVersion to 1.0.0.0. Version Checksum will be recalculated on next use.
[2020.02.09-04.12.49:038][  0]LogInit: Texture streaming: Enabled
[2020.02.09-04.12.49:040][  0]LogSlate: Updating window title bar state: overlay mode, drag disabled, window buttons hidden, title bar hidden
[2020.02.09-04.12.49:041][  0]LogInit: Display: Game Engine Initialized.
[2020.02.09-04.12.49:041][  0]LogInit: Display: Starting Game.
[2020.02.09-04.12.49:041][  0]LogNet: Browse: /Game/MainMenu?Name=Player
[2020.02.09-04.12.49:042][  0]LogLoad: LoadMap: /Game/MainMenu?Name=Player
[2020.02.09-04.12.49:042][  0]LogWorld: BeginTearingDown for /Temp/Untitled_0
[2020.02.09-04.12.49:043][  0]LogWorld: UWorld::CleanupWorld for Untitled, bSessionEnded=true, bCleanupResources=true
[2020.02.09-04.12.49:049][  0]LogUObjectHash: Compacting FUObjectHashTables data took   1.82ms
[2020.02.09-04.12.49:091][  0]LogAIModule: Creating AISystem for world MainMenu
[2020.02.09-04.12.49:091][  0]LogUObjectGlobals: Warning: Failed to find object 'Class /Script/BattleTank.BattleTankGameMode'
[2020.02.09-04.12.49:091][  0]LogLoad: Game class is 'GameModeBase'
[2020.02.09-04.12.49:092][  0]LogWorld: Bringing World /Game/MainMenu.MainMenu up for play (max tick rate 0) at 2020.02.08-23.12.49
[2020.02.09-04.12.49:092][  0]LogWorld: Bringing up level for play took: 0.000350
[2020.02.09-04.12.49:093][  0]LogGameMode: FindPlayerStart: PATHS NOT DEFINED or NO PLAYERSTART with positive rating
[2020.02.09-04.12.49:095][  0]LogUMG: Display: Widget Class MainMenu_BP_C - Loaded Fast Template.
[2020.02.09-04.12.49:096][  0]LogLoad: Took 0.055608 seconds to LoadMap(/Game/MainMenu)
[2020.02.09-04.12.49:097][  0]LogSlate: Took 0.000125 seconds to synchronously load lazily loaded font '../../../BattleTank/Content/boomtankPG_ital.ufont' (38K)
[2020.02.09-04.12.49:097][  0]LogSlate: Took 0.000085 seconds to synchronously load lazily loaded font '../../../BattleTank/Content/boomtankPG.ufont' (36K)
[2020.02.09-04.12.49:155][  0]LogRenderer: Reallocating scene render targets to support 1536x864 Format 10 NumSamples 1 (Frame:1).
[2020.02.09-04.12.49:155][  0]LogLoad: (Engine Initialization) Total time: 1.31 seconds
[2020.02.09-04.12.49:222][  0]LogContentStreaming: Texture pool size now 1000 MB
[2020.02.09-04.12.49:222][  0]LogSlate: FSceneViewport::OnFocusLost() reason 2
[2020.02.09-04.12.49:437][  0]LogSlate: Slate font cache was flushed
[2020.02.09-04.12.49:440][  1]LogSlate: Took 0.000086 seconds to synchronously load lazily loaded font '../../../BattleTank/Content/boomtankPG_ital.ufont' (38K)
[2020.02.09-04.12.49:440][  1]LogSlate: Took 0.000080 seconds to synchronously load lazily loaded font '../../../BattleTank/Content/boomtankPG.ufont' (36K)
[2020.02.09-04.12.50:567][ 69]LogNet: Browse: /Game/BattleGround
[2020.02.09-04.12.50:567][ 69]LogLoad: LoadMap: /Game/BattleGround
[2020.02.09-04.12.50:567][ 69]LogWorld: BeginTearingDown for /Game/MainMenu
[2020.02.09-04.12.50:568][ 69]LogWorld: UWorld::CleanupWorld for MainMenu, bSessionEnded=true, bCleanupResources=true
[2020.02.09-04.12.50:590][ 69]LogUObjectHash: Compacting FUObjectHashTables data took   1.26ms
[2020.02.09-04.12.50:594][ 69]LogStreaming: Display: Flushing async loaders.
[2020.02.09-04.12.50:965][ 69]LogAIModule: Creating AISystem for world BattleGround
[2020.02.09-04.12.50:965][ 69]LogLoad: Game class is 'MyBattleTankGameModeBase_BP_C'
[2020.02.09-04.12.50:980][ 69]LogWorld: Bringing World /Game/BattleGround.BattleGround up for play (max tick rate 0) at 2020.02.08-23.12.50
[2020.02.09-04.12.50:991][ 69]LogWorld: Bringing up level for play took: 0.024431
[2020.02.09-04.12.50:993][ 69]LogUMG: Display: Widget Class PlayerUI_BP_C - Loaded Fast Template.
[2020.02.09-04.12.50:993][ 69]LogLoad: Took 0.426148 seconds to LoadMap(/Game/BattleGround)
[2020.02.09-04.12.51:073][ 71]LogRenderer: Reallocating scene render targets to support 1536x1024 Format 10 NumSamples 1 (Frame:1).
[2020.02.09-04.12.51:436][ 71]LogSlate: Took 0.000213 seconds to synchronously load lazily loaded font '../../../Engine/Content/Slate/Fonts/Roboto-Regular.ttf' (155K)
[2020.02.09-04.12.51:456][ 73]LogRenderer: Reallocating scene render targets to support 1536x864 Format 10 NumSamples 1 (Frame:4).
[2020.02.09-04.13.12:384][324]LogRenderer: Reallocating scene render targets to support 864x1536 Format 10 NumSamples 1 (Frame:1258).
[2020.02.09-04.13.23:593][916]LogRenderer: Reallocating scene render targets to support 1536x864 Format 10 NumSamples 1 (Frame:1852).
[2020.02.09-04.13.24:228][933]LogAudio: Warning: Waited 35.052799 ms for audio thread.
[2020.02.09-04.13.24:242][933]LogAudio: Warning: Waited 50.195702 ms for audio thread.
[2020.02.09-04.13.30:894][206]LogSlate: Request Window 'BattleTank (64-bit Development PCD3D_SM5) ' being destroyed
[2020.02.09-04.13.30:954][206]LogSlate: Window 'BattleTank (64-bit Development PCD3D_SM5) ' being destroyed
[2020.02.09-04.13.30:958][206]LogWindowsTextInputMethodSystem: Display: IME system now deactivated.
[2020.02.09-04.13.30:975][206]LogSlate: Updating window title bar state: overlay mode, drag disabled, window buttons hidden, title bar hidden
[2020.02.09-04.13.30:975][206]LogEngine: All Windows Closed
[2020.02.09-04.13.30:975][206]LogWindows: FPlatformMisc::RequestExit(0)
[2020.02.09-04.13.31:126][207]LogWorld: BeginTearingDown for /Game/BattleGround
[2020.02.09-04.13.31:128][207]LogWorld: UWorld::CleanupWorld for BattleGround, bSessionEnded=true, bCleanupResources=true
[2020.02.09-04.13.31:904][207]LogSlate: Slate User Destroyed.  User Index 0, Is Virtual User: 0
[2020.02.09-04.13.31:905][207]LogExit: Preparing to exit.
[2020.02.09-04.13.31:905][207]LogMoviePlayer: Shutting down movie player
[2020.02.09-04.13.31:918][207]LogSlate: Updating window title bar state: overlay mode, drag disabled, window buttons hidden, title bar hidden
[2020.02.09-04.13.31:926][207]LogDemo: Cleaned up 0 splitscreen connections with owner deletion
[2020.02.09-04.13.31:932][207]LogExit: Game engine shut down
[2020.02.09-04.13.32:140][207]LogExit: Object subsystem successfully closed.
[2020.02.09-04.13.32:179][207]LogModuleManager: Shutting down and abandoning module AutomationController (214)
[2020.02.09-04.13.32:179][207]LogModuleManager: Shutting down and abandoning module AutomationWorker (212)
[2020.02.09-04.13.32:179][207]LogModuleManager: Shutting down and abandoning module Voice (210)
[2020.02.09-04.13.32:179][207]LogModuleManager: Shutting down and abandoning module AIModule (208)
[2020.02.09-04.13.32:179][207]LogModuleManager: Shutting down and abandoning module GameplayDebugger (207)
[2020.02.09-04.13.32:179][207]LogModuleManager: Shutting down and abandoning module NavigationSystem (205)
[2020.02.09-04.13.32:180][207]LogModuleManager: Shutting down and abandoning module WebMMediaFactory (202)
[2020.02.09-04.13.32:180][207]LogModuleManager: Shutting down and abandoning module WebMMedia (200)
[2020.02.09-04.13.32:180][207]LogModuleManager: Shutting down and abandoning module OculusMR (198)
[2020.02.09-04.13.32:180][207]LogModuleManager: Shutting down and abandoning module WmfMediaFactory (196)
[2020.02.09-04.13.32:180][207]LogModuleManager: Shutting down and abandoning module OpenExrWrapper (194)
[2020.02.09-04.13.32:180][207]LogModuleManager: Shutting down and abandoning module ImgMediaFactory (192)
[2020.02.09-04.13.32:180][207]LogModuleManager: Shutting down and abandoning module AvfMediaFactory (190)
[2020.02.09-04.13.32:180][207]LogModuleManager: Shutting down and abandoning module CharacterAI (188)
[2020.02.09-04.13.32:180][207]LogModuleManager: Shutting down and abandoning module SessionServices (186)
[2020.02.09-04.13.32:181][207]LogModuleManager: Shutting down and abandoning module LiveCoding (184)
[2020.02.09-04.13.32:181][207]LogModuleManager: Shutting down and abandoning module LevelSequence (182)
[2020.02.09-04.13.32:181][207]LogModuleManager: Shutting down and abandoning module MovieSceneTracks (180)
[2020.02.09-04.13.32:181][207]LogModuleManager: Shutting down and abandoning module MovieScene (178)
[2020.02.09-04.13.32:181][207]LogModuleManager: Shutting down and abandoning module StreamingPauseRendering (176)
[2020.02.09-04.13.32:181][207]LogModuleManager: Shutting down and abandoning module ImageWriteQueue (174)
[2020.02.09-04.13.32:186][207]LogModuleManager: Shutting down and abandoning module ProfilerService (172)
[2020.02.09-04.13.32:252][207]LogModuleManager: Shutting down and abandoning module TaskGraph (170)
[2020.02.09-04.13.32:253][207]LogModuleManager: Shutting down and abandoning module SteamVRController (168)
[2020.02.09-04.13.32:253][207]LogModuleManager: Shutting down and abandoning module ProceduralMeshComponent (166)
[2020.02.09-04.13.32:253][207]LogModuleManager: Shutting down and abandoning module OculusInput (164)
[2020.02.09-04.13.32:253][207]LogModuleManager: Shutting down and abandoning module MobilePatchingUtils (162)
[2020.02.09-04.13.32:253][207]LogModuleManager: Shutting down and abandoning module EditableMesh (160)
[2020.02.09-04.13.32:253][207]LogModuleManager: Shutting down and abandoning module CustomMeshComponent (158)
[2020.02.09-04.13.32:253][207]LogModuleManager: Shutting down and abandoning module CableComponent (156)
[2020.02.09-04.13.32:254][207]LogModuleManager: Shutting down and abandoning module AudioCapture (154)
[2020.02.09-04.13.32:254][207]LogModuleManager: Shutting down and abandoning module ArchVisCharacter (152)
[2020.02.09-04.13.32:254][207]LogModuleManager: Shutting down and abandoning module AppleImageUtils (150)
[2020.02.09-04.13.32:254][207]LogModuleManager: Shutting down and abandoning module AndroidPermission (148)
[2020.02.09-04.13.32:254][207]LogModuleManager: Shutting down and abandoning module MediaCompositing (146)
[2020.02.09-04.13.32:254][207]LogModuleManager: Shutting down and abandoning module ImgMedia (144)
[2020.02.09-04.13.32:254][207]LogModuleManager: Shutting down and abandoning module HTML5Networking (142)
[2020.02.09-04.13.32:255][207]LogModuleManager: Shutting down and abandoning module BackChannel (140)
[2020.02.09-04.13.32:255][207]LogModuleManager: Shutting down and abandoning module AutomationUtils (138)
[2020.02.09-04.13.32:255][207]LogModuleManager: Shutting down and abandoning module GeometryCacheTracks (136)
[2020.02.09-04.13.32:255][207]LogModuleManager: Shutting down and abandoning module GeometryCache (134)
[2020.02.09-04.13.32:255][207]LogModuleManager: Shutting down and abandoning module VariantManagerContent (132)
[2020.02.09-04.13.32:255][207]LogModuleManager: Shutting down and abandoning module BattleTank (130)
[2020.02.09-04.13.32:256][207]LogModuleManager: Shutting down and abandoning module RuntimePhysXCooking (128)
[2020.02.09-04.13.32:256][207]LogModuleManager: Shutting down and abandoning module LocationServicesBPLibrary (124)
[2020.02.09-04.13.32:256][207]LogModuleManager: Shutting down and abandoning module ActorSequence (122)
[2020.02.09-04.13.32:256][207]LogModuleManager: Shutting down and abandoning module UdpMessaging (120)
[2020.02.09-04.13.32:256][207]LogModuleManager: Shutting down and abandoning module TcpMessaging (118)
[2020.02.09-04.13.32:256][207]LogModuleManager: Shutting down and abandoning module FacialAnimation (116)
[2020.02.09-04.13.32:256][207]LogModuleManager: Shutting down and abandoning module SignificanceManager (114)
[2020.02.09-04.13.32:256][207]LogModuleManager: Shutting down and abandoning module AnimationSharing (112)
[2020.02.09-04.13.32:256][207]LogModuleManager: Shutting down and abandoning module LightPropagationVolumeRuntime (110)
[2020.02.09-04.13.32:256][207]LogModuleManager: Shutting down and abandoning module Paper2D (108)
[2020.02.09-04.13.32:256][207]LogModuleManager: Shutting down and abandoning module WindowsMoviePlayer (106)
[2020.02.09-04.13.32:269][207]LogModuleManager: Shutting down and abandoning module WebMMoviePlayer (104)
[2020.02.09-04.13.32:269][207]LogModuleManager: Shutting down and abandoning module NetworkReplayStreaming (102)
[2020.02.09-04.13.32:270][207]LogModuleManager: Shutting down and abandoning module PacketHandler (100)
[2020.02.09-04.13.32:270][207]LogModuleManager: Shutting down and abandoning module ClothingSystemRuntime (98)
[2020.02.09-04.13.32:270][207]LogModuleManager: Shutting down and abandoning module MediaAssets (96)
[2020.02.09-04.13.32:270][207]LogModuleManager: Shutting down and abandoning module Overlay (94)
[2020.02.09-04.13.32:270][207]LogModuleManager: Shutting down and abandoning module UMG (92)
[2020.02.09-04.13.32:270][207]LogModuleManager: Shutting down and abandoning module SlateReflector (90)
[2020.02.09-04.13.32:270][207]LogModuleManager: Shutting down and abandoning module Slate (88)
[2020.02.09-04.13.32:270][207]LogModuleManager: Shutting down and abandoning module MRMesh (86)
[2020.02.09-04.13.32:271][207]LogModuleManager: Shutting down and abandoning module Messaging (84)
[2020.02.09-04.13.32:271][207]LogModuleManager: Shutting down and abandoning module HeadMountedDisplay (82)
[2020.02.09-04.13.32:271][207]LogModuleManager: Shutting down and abandoning module XAudio2 (80)
[2020.02.09-04.13.32:271][207]LogModuleManager: Shutting down and abandoning module Networking (78)
[2020.02.09-04.13.32:271][207]LogModuleManager: Shutting down and abandoning module Core (76)
[2020.02.09-04.13.32:271][207]LogModuleManager: Shutting down and abandoning module ImageWrapper (72)
[2020.02.09-04.13.32:271][207]LogModuleManager: Shutting down and abandoning module InputCore (70)
[2020.02.09-04.13.32:271][207]LogModuleManager: Shutting down and abandoning module PhysXCooking (68)
[2020.02.09-04.13.32:271][207]LogModuleManager: Shutting down and abandoning module WindowsPlatformFeatures (66)
[2020.02.09-04.13.32:271][207]LogModuleManager: Shutting down and abandoning module GameplayMediaEncoder (65)
[2020.02.09-04.13.32:272][207]LogModuleManager: Shutting down and abandoning module SteamVR (62)
[2020.02.09-04.13.32:272][207]LogHMD: Freeing OpenVRDLLHandle.
[2020.02.09-04.13.32:272][207]LogModuleManager: Shutting down and abandoning module OculusHMD (60)
[2020.02.09-04.13.32:272][207]LogModuleManager: Shutting down and abandoning module ExampleDeviceProfileSelector (58)
[2020.02.09-04.13.32:272][207]LogModuleManager: Shutting down and abandoning module LauncherChunkInstaller (56)
[2020.02.09-04.13.32:272][207]LogModuleManager: Shutting down and abandoning module OnlineSubsystem (52)
[2020.02.09-04.13.32:273][207]LogModuleManager: Shutting down and abandoning module HTTP (47)
[2020.02.09-04.13.32:303][207]LogModuleManager: Shutting down and abandoning module SSL (46)
[2020.02.09-04.13.32:304][207]LogModuleManager: Shutting down and abandoning module WmfMedia (42)
[2020.02.09-04.13.32:307][207]LogModuleManager: Shutting down and abandoning module Media (41)
[2020.02.09-04.13.32:308][207]LogModuleManager: Shutting down and abandoning module DatasmithContent (38)
[2020.02.09-04.13.32:309][207]LogModuleManager: Shutting down and abandoning module AISupportModule (36)
[2020.02.09-04.13.32:309][207]LogModuleManager: Shutting down and abandoning module PlatformCryptoOpenSSL (34)
[2020.02.09-04.13.32:309][207]LogModuleManager: Shutting down and abandoning module PlatformCrypto (32)
[2020.02.09-04.13.32:309][207]LogModuleManager: Shutting down and abandoning module RenderCore (30)
[2020.02.09-04.13.32:309][207]LogModuleManager: Shutting down and abandoning module Landscape (28)
[2020.02.09-04.13.32:309][207]LogModuleManager: Shutting down and abandoning module SlateRHIRenderer (26)
[2020.02.09-04.13.32:311][207]LogModuleManager: Shutting down and abandoning module OpenGLDrv (24)
[2020.02.09-04.13.32:311][207]LogModuleManager: Shutting down and abandoning module D3D11RHI (22)
[2020.02.09-04.13.32:311][207]LogModuleManager: Shutting down and abandoning module AnimGraphRuntime (20)
[2020.02.09-04.13.32:311][207]LogModuleManager: Shutting down and abandoning module Renderer (18)
[2020.02.09-04.13.32:312][207]LogModuleManager: Shutting down and abandoning module Engine (16)
[2020.02.09-04.13.32:312][207]LogModuleManager: Shutting down and abandoning module CoreUObject (14)
[2020.02.09-04.13.32:312][207]LogModuleManager: Shutting down and abandoning module NetworkFile (12)
[2020.02.09-04.13.32:312][207]LogModuleManager: Shutting down and abandoning module CookedIterativeFile (10)
[2020.02.09-04.13.32:312][207]LogModuleManager: Shutting down and abandoning module StreamingFile (8)
[2020.02.09-04.13.32:312][207]LogModuleManager: Shutting down and abandoning module SandboxFile (6)
[2020.02.09-04.13.32:312][207]LogModuleManager: Shutting down and abandoning module PakFile (4)
[2020.02.09-04.13.32:315][207]LogModuleManager: Shutting down and abandoning module RSA (3)
[2020.02.09-04.13.32:319][207]LogD3D11RHI: Shutdown
[2020.02.09-04.13.32:319][207]LogD3D11RHI: CleanupD3DDevice
[2020.02.09-04.13.32:322][207]LogRendererCore: FGlobalDynamicReadBuffer::Cleanup()
[2020.02.09-04.13.32:322][207]LogRendererCore: FGlobalDynamicReadBuffer::Cleanup()
[2020.02.09-04.13.32:323][207]LogRendererCore: FGlobalDynamicReadBuffer::Cleanup()
[2020.02.09-04.13.32:716][207]LogD3D11RHI: ~FD3D11DynamicRHI
[2020.02.09-04.13.32:734][207]LogExit: Exiting.
[2020.02.09-04.13.32:746][207]Log file closed, 02/08/20 23:13:32
